Arguments: 
  /Users/benjamint/.nvm/versions/node/v8.1.2/bin/node /usr/local/Cellar/yarn/1.1.0/libexec/bin/yarn.js add --dev --exact --ignore-optional react-native-scripts

PATH: 
  /Users/benjamint/go/bin:/Users/benjamint/.nvm/versions/node/v8.1.2/bin:/usr/local/opt/icu4c/sbin:/usr/local/opt/icu4c/bin:/usr/local/opt/sqlite/bin:/usr/local/bin:/usr/local/opt/icu4c/sbin:/usr/local/opt/icu4c/bin:/usr/local/opt/sqlite/bin:/usr/local/bin:/usr/local/bin:/usr/bin:/bin:/usr/sbin:/sbin:/Library/Frameworks/Mono.framework/Versions/Current/Commands:/Users/benjamint/qualtrics/monolith-locally/color:/Users/benjamint/qualtrics/monolith-locally/color:/usr/local/sbin

Yarn version: 
  1.1.0

Node version: 
  8.1.2

Platform: 
  darwin x64

npm manifest: 
  {
    "name": "AwesomeProject",
    "version": "0.1.0",
    "private": true
  }

yarn manifest: 
  No manifest

Lockfile: 
  No lockfile

Trace: 
  Error: http://artifactory.eng.qops.net:8081/artifactory/api/npm/npm-virtual/chalk: ETIMEDOUT
      at Timeout._onTimeout (/usr/local/Cellar/yarn/1.1.0/libexec/lib/cli.js:122581:19)
      at ontimeout (timers.js:488:11)
      at tryOnTimeout (timers.js:323:5)
      at Timer.listOnTimeout (timers.js:283:5)
